<?xml version="1.0" encoding="UTF-8"?>
<testsuite xmlns:xsi="http://www.w3.org/2001/XMLSchema-instance" xsi:noNamespaceSchemaLocation="https://maven.apache.org/surefire/maven-surefire-plugin/xsd/surefire-test-report-3.0.xsd" version="3.0" name="Cucumber.Options.TestRunner" time="15.726" tests="2" errors="0" skipped="0" failures="0">
  <properties>
[...]
</properties>
  <testcase name="Verifying Add Place API is successfully excecuted" classname="Add APi place using google map" time="11.633">
    <system-out><![CDATA[/maps/api/place/add/json
Passed name from feature file is Ramin
/maps/api/place/get/json
Ramin
/maps/api/place/add/json
Passed name from feature file is Ramin Karimi
/maps/api/place/get/json
Ramin Karimi
]]></system-out>
  </testcase>
  <testcase name="Verifying Delete Place API is successfully excecuted" classname="Add APi place using google map" time="3.201">
    <system-out><![CDATA[Place_id string in Delete Place  is 9302169fa4040757c469baeb35125c6c
/maps/api/place/delete/json
]]></system-out>
  </testcase>
</testsuite>